FATAL Thread-0 log4j.SampleLog4j - Fatal Message
FATAL Thread-1 log4j.SampleLog4j - Fatal Message
DEBUG Thread-0 log4j.SampleLog4j - Debug Message
DEBUG Thread-1 log4j.SampleLog4j - Debug Message
INFO Thread-0 log4j.SampleLog4j - Info Message!
INFO Thread-1 log4j.SampleLog4j - Info Message!
WARN Thread-0 log4j.SampleLog4j - Warn Message
WARN Thread-1 log4j.SampleLog4j - Warn Message
ERROR Thread-0 log4j.SampleLog4j - Error Message
ERROR Thread-1 log4j.SampleLog4j - Error Message
FATAL Thread-1 log4j.SampleLog4j - Fatal Message
FATAL Thread-0 log4j.SampleLog4j - Fatal Message
DEBUG Thread-1 log4j.SampleLog4j - Debug Message
DEBUG Thread-0 log4j.SampleLog4j - Debug Message
INFO Thread-1 log4j.SampleLog4j - Info Message!
INFO Thread-0 log4j.SampleLog4j - Info Message!
WARN Thread-1 log4j.SampleLog4j - Warn Message
WARN Thread-0 log4j.SampleLog4j - Warn Message
ERROR Thread-1 log4j.SampleLog4j - Error Message
ERROR Thread-0 log4j.SampleLog4j - Error Message
FATAL Thread-0 log4j.SampleLog4j - Fatal Message
FATAL Thread-1 log4j.SampleLog4j - Fatal Message
DEBUG Thread-0 log4j.SampleLog4j - Debug Message
DEBUG Thread-1 log4j.SampleLog4j - Debug Message
INFO Thread-0 log4j.SampleLog4j - Info Message!
INFO Thread-1 log4j.SampleLog4j - Info Message!
WARN Thread-0 log4j.SampleLog4j - Warn Message
WARN Thread-1 log4j.SampleLog4j - Warn Message
ERROR Thread-0 log4j.SampleLog4j - Error Message
ERROR Thread-1 log4j.SampleLog4j - Error Message
